<?xml version="1.0" encoding="utf-8"?>
<TestRun id="8bde0576-e0d6-49c5-a37e-ad00f9fca932" name="alexander@DESKTOP-KTKTCR1 2020-11-23 11:01:00" runUser="DESKTOP-KTKTCR1\alexander" xmlns="http://microsoft.com/schemas/VisualStudio/TeamTest/2010">
  <Times creation="2020-11-23T11:01:00.8551978+02:00" queuing="2020-11-23T11:01:00.8551991+02:00" start="2020-11-23T11:00:59.3858217+02:00" finish="2020-11-23T11:01:00.8618121+02:00" />
  <TestSettings name="default" id="71d1781f-9e1f-43ac-968c-2c1ca99b5228">
    <Deployment runDeploymentRoot="alexander_DESKTOP-KTKTCR1_2020-11-23_11_01_00" />
  </TestSettings>
  <Results>
    <UnitTestResult executionId="7967b8f9-00e5-4f19-88ae-edb703a40be8" testId="08354103-1436-1b20-a946-0052b5f391c9" testName="test" computerName="DESKTOP-KTKTCR1" duration="00:00:00.2709590" startTime="2020-11-23T11:01:00.0000000+02:00" endTime="2020-11-23T11:01:00.0000000+02:00" testType="13cdc9d9-ddb5-4fa4-a97d-d965ccfc6d4b" outcome="Passed" testListId="8c84fa94-04c1-424b-9868-57a2d4851a1d" relativeResultsDirectory="7967b8f9-00e5-4f19-88ae-edb703a40be8">
      <Output>
        <StdOut>Test&#xD;
!Connection closed</StdOut>
      </Output>
    </UnitTestResult>
    <UnitTestResult executionId="de78ea49-297c-4adc-8b32-9f91656b901a" testId="6a5840aa-7670-b485-3b0a-b8e0338b2cf8" testName="test" computerName="DESKTOP-KTKTCR1" duration="00:00:00.1487940" startTime="2020-11-23T11:01:00.0000000+02:00" endTime="2020-11-23T11:01:00.0000000+02:00" testType="13cdc9d9-ddb5-4fa4-a97d-d965ccfc6d4b" outcome="Passed" testListId="8c84fa94-04c1-424b-9868-57a2d4851a1d" relativeResultsDirectory="de78ea49-297c-4adc-8b32-9f91656b901a">
      <Output>
        <StdOut>Omg&#xD;
!Connection closed</StdOut>
      </Output>
    </UnitTestResult>
  </Results>
  <TestDefinitions>
    <UnitTest name="test" storage="e:\prog_projects\dotnet\nunit\nunittestproject1\nunittestproject1\bin\debug\netcoreapp3.1\nunittestproject1.dll" id="08354103-1436-1b20-a946-0052b5f391c9">
      <Execution id="7967b8f9-00e5-4f19-88ae-edb703a40be8" />
      <TestMethod codeBase="E:\prog_projects\DotNet\Nunit\NUnitTestProject1\NUnitTestProject1\bin\Debug\netcoreapp3.1\NUnitTestProject1.dll" adapterTypeName="executor://nunit3testexecutor/" className="NUnitTestProject1.tests.db.MySqlTest1" name="test" />
    </UnitTest>
    <UnitTest name="test" storage="e:\prog_projects\dotnet\nunit\nunittestproject1\nunittestproject1\bin\debug\netcoreapp3.1\nunittestproject1.dll" id="6a5840aa-7670-b485-3b0a-b8e0338b2cf8">
      <Execution id="de78ea49-297c-4adc-8b32-9f91656b901a" />
      <TestMethod codeBase="E:\prog_projects\DotNet\Nunit\NUnitTestProject1\NUnitTestProject1\bin\Debug\netcoreapp3.1\NUnitTestProject1.dll" adapterTypeName="executor://nunit3testexecutor/" className="NUnitTestProject1.tests.db.mssql.MsSqlTest1" name="test" />
    </UnitTest>
  </TestDefinitions>
  <TestEntries>
    <TestEntry testId="08354103-1436-1b20-a946-0052b5f391c9" executionId="7967b8f9-00e5-4f19-88ae-edb703a40be8" testListId="8c84fa94-04c1-424b-9868-57a2d4851a1d" />
    <TestEntry testId="6a5840aa-7670-b485-3b0a-b8e0338b2cf8" executionId="de78ea49-297c-4adc-8b32-9f91656b901a" testListId="8c84fa94-04c1-424b-9868-57a2d4851a1d" />
  </TestEntries>
  <TestLists>
    <TestList name="Results Not in a List" id="8c84fa94-04c1-424b-9868-57a2d4851a1d" />
    <TestList name="All Loaded Results" id="19431567-8539-422a-85d7-44ee4e166bda" />
  </TestLists>
  <ResultSummary outcome="Completed">
    <Counters total="2" executed="2" passed="2" failed="0" error="0" timeout="0" aborted="0" inconclusive="0" passedButRunAborted="0" notRunnable="0" notExecuted="0" disconnected="0" warning="0" completed="0" inProgress="0" pending="0" />
    <Output>
      <StdOut>NUnit Adapter 4.0.0.0: Test execution started&#xD;
Running selected tests in E:\prog_projects\DotNet\Nunit\NUnitTestProject1\NUnitTestProject1\bin\Debug\netcoreapp3.1\NUnitTestProject1.dll&#xD;
   NUnit3TestExecutor discovered 2 of 2 NUnit test cases using Current Discovery mode, Non-Explicit run&#xD;
Omg&#xD;
!Connection closed&#xD;
&#xD;
Test&#xD;
!Connection closed&#xD;
&#xD;
NUnit Adapter 4.0.0.0: Test execution complete&#xD;
</StdOut>
    </Output>
  </ResultSummary>
</TestRun>